This is pdfTeX, Version 3.141592653-2.6-1.40.26 (TeX Live 2024) (preloaded format=latex 2024.5.6)  27 MAY 2024 13:09
entering extended mode
 restricted \write18 enabled.
 %&-line parsing enabled.
**tikz378874446dbc.tex
(./tikz378874446dbc.tex
LaTeX2e <2023-11-01> patch level 1
L3 programming layer <2024-04-11>

! LaTeX Error: File `standalone.cls' not found.

Type X to quit or <RETURN> to proceed,
or enter new name. (Default extension: cls)

Enter file name: 
! Emergency stop.
<read *> 
         
l.5 \usepackage
               {amsmath}^^M 
Here is how much of TeX's memory you used:
 19 strings out of 475950
 468 string characters out of 5787824
 1925751 words of memory out of 5000000
 22307 multiletter control sequences out of 15000+600000
 558069 words of font info for 36 fonts, out of 8000000 for 9000
 36 hyphenation exceptions out of 8191
 19i,0n,29p,76b,17s stack positions out of 10000i,1000n,20000p,200000b,200000s

No pages of output.
